5/13/2026 11:56:08 | INFO | Starting server on 127.0.0.1:14003
5/13/2026 11:56:09 | INFO | Msg '/character?id=nadia'
5/13/2026 11:56:09 | INFO | Msg '/style/default.css'
5/13/2026 11:56:09 | INFO | Msg '/scripts/common.js'
5/13/2026 11:56:09 | INFO | Msg '/scripts/classes/character.js'
5/13/2026 11:56:09 | INFO | Msg '/scripts/classes/class.js'
5/13/2026 11:56:09 | INFO | Msg '/scripts/classes/subclass.js'
5/13/2026 11:56:09 | INFO | Msg '/scripts/classes/spell.js'
5/13/2026 11:56:09 | INFO | Msg '/scripts/sheet.js'
5/13/2026 11:56:09 | INFO | Msg '/scripts/classes/background.js'
5/13/2026 11:56:09 | INFO | Msg '/scripts/classes/race.js'
5/13/2026 11:56:09 | INFO | Msg '/character/data/nadia'
5/13/2026 11:56:09 | INFO | Msg '/data/class/warlock'
5/13/2026 11:56:09 | INFO | Msg '/character/data/spell/lvl0/prestidigitation'
5/13/2026 11:56:09 | ERROR | Error loading file ../data/characters/spell.json: Error: ENOENT: no such file or directory, open 'C:\Users\pcral\Documents\DnD\VirtualCharacterSheet\data\characters\spell.json'
5/13/2026 11:56:09 | INFO | Msg '/data/subclass/warlock_custom'
5/13/2026 11:56:09 | INFO | Msg '/data/race/aasimar_protector'
5/13/2026 11:56:09 | INFO | Msg '/data/background/courtier'
5/13/2026 11:56:09 | INFO | Msg '/character/data/spell/lvl0/light'
5/13/2026 11:56:09 | ERROR | Error loading file ../data/characters/spell.json: Error: ENOENT: no such file or directory, open 'C:\Users\pcral\Documents\DnD\VirtualCharacterSheet\data\characters\spell.json'
5/13/2026 11:56:09 | INFO | Msg '/character/data/spell/lvl0/eldrichBlast'
5/13/2026 11:56:09 | ERROR | Error loading file ../data/characters/spell.json: Error: ENOENT: no such file or directory, open 'C:\Users\pcral\Documents\DnD\VirtualCharacterSheet\data\characters\spell.json'
5/13/2026 11:56:09 | INFO | Msg '/character/data/spell/lvl1/hellishRebuke_mod'
5/13/2026 11:56:09 | ERROR | Error loading file ../data/characters/spell.json: Error: ENOENT: no such file or directory, open 'C:\Users\pcral\Documents\DnD\VirtualCharacterSheet\data\characters\spell.json'
5/13/2026 11:56:09 | INFO | Msg '/character/data/spell/lvl1/charmPerson'
5/13/2026 11:56:09 | ERROR | Error loading file ../data/characters/spell.json: Error: ENOENT: no such file or directory, open 'C:\Users\pcral\Documents\DnD\VirtualCharacterSheet\data\characters\spell.json'
5/13/2026 11:56:09 | INFO | Msg '/favicon.ico'
5/13/2026 11:56:28 | INFO | Msg '/character?id=nadia'
5/13/2026 11:56:28 | INFO | Msg '/style/default.css'
5/13/2026 11:56:28 | INFO | Msg '/scripts/classes/class.js'
5/13/2026 11:56:28 | INFO | Msg '/scripts/classes/character.js'
5/13/2026 11:56:28 | INFO | Msg '/scripts/common.js'
5/13/2026 11:56:28 | INFO | Msg '/scripts/classes/spell.js'
5/13/2026 11:56:28 | INFO | Msg '/scripts/classes/race.js'
5/13/2026 11:56:28 | INFO | Msg '/scripts/classes/subclass.js'
5/13/2026 11:56:28 | INFO | Msg '/scripts/classes/background.js'
5/13/2026 11:56:28 | INFO | Msg '/scripts/sheet.js'
5/13/2026 11:56:29 | INFO | Msg '/character/data/nadia'
5/13/2026 11:56:29 | INFO | Msg '/data/class/warlock'
5/13/2026 11:56:29 | INFO | Msg '/data/spell/lvl0/prestidigitation'
5/13/2026 11:56:29 | INFO | Msg '/data/subclass/warlock_custom'
5/13/2026 11:56:29 | INFO | Msg '/data/race/aasimar_protector'
5/13/2026 11:56:29 | INFO | Msg '/data/background/courtier'
5/13/2026 11:56:29 | INFO | Msg '/data/spell/lvl0/light'
5/13/2026 11:56:29 | INFO | Msg '/data/spell/lvl0/eldrichBlast'
5/13/2026 11:56:29 | INFO | Msg '/data/spell/lvl1/charmPerson'
5/13/2026 11:56:29 | INFO | Msg '/data/spell/lvl1/hellishRebuke_mod'
5/13/2026 11:56:29 | INFO | Msg '/favicon.ico'
5/13/2026 11:56:42 | INFO | Msg '/character?id=nadia'
5/13/2026 11:56:42 | INFO | Msg '/style/default.css'
5/13/2026 11:56:42 | INFO | Msg '/scripts/common.js'
5/13/2026 11:56:42 | INFO | Msg '/scripts/classes/character.js'
5/13/2026 11:56:42 | INFO | Msg '/scripts/classes/subclass.js'
5/13/2026 11:56:42 | INFO | Msg '/scripts/sheet.js'
5/13/2026 11:56:42 | INFO | Msg '/scripts/classes/class.js'
5/13/2026 11:56:42 | INFO | Msg '/scripts/classes/race.js'
5/13/2026 11:56:42 | INFO | Msg '/scripts/classes/spell.js'
5/13/2026 11:56:42 | INFO | Msg '/scripts/classes/background.js'
5/13/2026 11:56:42 | INFO | Msg '/character/data/nadia'
5/13/2026 11:56:42 | INFO | Msg '/data/class/warlock'
5/13/2026 11:56:42 | INFO | Msg '/data/spell/lvl0/prestidigitation'
5/13/2026 11:56:42 | INFO | Msg '/data/spell/lvl1/charmPerson'
5/13/2026 11:56:42 | INFO | Msg '/data/subclass/warlock_custom'
5/13/2026 11:56:42 | INFO | Msg '/data/race/aasimar_protector'
5/13/2026 11:56:42 | INFO | Msg '/data/background/courtier'
5/13/2026 11:56:42 | INFO | Msg '/data/spell/lvl0/light'
5/13/2026 11:56:42 | INFO | Msg '/data/spell/lvl0/eldrichBlast'
5/13/2026 11:56:42 | INFO | Msg '/data/spell/lvl1/hellishRebuke_mod'
5/13/2026 11:56:42 | INFO | Msg '/favicon.ico'
5/13/2026 11:57:54 | INFO | Msg '/character?id=nadia'
5/13/2026 11:57:54 | INFO | Msg '/style/default.css'
5/13/2026 11:57:54 | INFO | Msg '/scripts/common.js'
5/13/2026 11:57:54 | INFO | Msg '/scripts/classes/character.js'
5/13/2026 11:57:54 | INFO | Msg '/scripts/classes/class.js'
5/13/2026 11:57:54 | INFO | Msg '/scripts/classes/spell.js'
5/13/2026 11:57:54 | INFO | Msg '/scripts/classes/background.js'
5/13/2026 11:57:54 | INFO | Msg '/scripts/sheet.js'
5/13/2026 11:57:54 | INFO | Msg '/scripts/classes/subclass.js'
5/13/2026 11:57:54 | INFO | Msg '/scripts/classes/race.js'
5/13/2026 11:57:54 | INFO | Msg '/character/data/nadia'
5/13/2026 11:57:54 | INFO | Msg '/data/class/warlock'
5/13/2026 11:57:54 | INFO | Msg '/data/spell/lvl0/prestidigitation'
5/13/2026 11:57:54 | INFO | Msg '/data/spell/lvl1/charmPerson'
5/13/2026 11:57:54 | INFO | Msg '/data/spell/lvl1/hellishRebuke_mod'
5/13/2026 11:57:54 | INFO | Msg '/data/subclass/warlock_custom'
5/13/2026 11:57:54 | INFO | Msg '/data/race/aasimar_protector'
5/13/2026 11:57:54 | INFO | Msg '/data/background/courtier'
5/13/2026 11:57:54 | INFO | Msg '/data/spell/lvl0/light'
5/13/2026 11:57:54 | INFO | Msg '/data/spell/lvl0/eldrichBlast'
5/13/2026 11:57:54 | INFO | Msg '/favicon.ico'
5/13/2026 11:58:02 | INFO | Msg '/character?id=nadia'
5/13/2026 11:58:02 | INFO | Msg '/style/default.css'
5/13/2026 11:58:02 | INFO | Msg '/scripts/common.js'
5/13/2026 11:58:02 | INFO | Msg '/scripts/classes/race.js'
5/13/2026 11:58:02 | INFO | Msg '/scripts/classes/class.js'
5/13/2026 11:58:02 | INFO | Msg '/scripts/classes/subclass.js'
5/13/2026 11:58:02 | INFO | Msg '/scripts/classes/character.js'
5/13/2026 11:58:02 | INFO | Msg '/scripts/classes/background.js'
5/13/2026 11:58:02 | INFO | Msg '/scripts/classes/spell.js'
5/13/2026 11:58:02 | INFO | Msg '/scripts/sheet.js'
5/13/2026 11:58:02 | INFO | Msg '/character/data/nadia'
5/13/2026 11:58:03 | INFO | Msg '/data/class/warlock'
5/13/2026 11:58:03 | INFO | Msg '/data/spell/lvl0/prestidigitation'
5/13/2026 11:58:03 | INFO | Msg '/data/subclass/warlock_custom'
5/13/2026 11:58:03 | INFO | Msg '/data/race/aasimar_protector'
5/13/2026 11:58:03 | INFO | Msg '/data/background/courtier'
5/13/2026 11:58:03 | INFO | Msg '/data/spell/lvl0/light'
5/13/2026 11:58:03 | INFO | Msg '/data/spell/lvl0/eldrichBlast'
5/13/2026 11:58:03 | INFO | Msg '/data/spell/lvl1/charmPerson'
5/13/2026 11:58:03 | INFO | Msg '/data/spell/lvl1/hellishRebuke_mod'
5/13/2026 11:58:03 | INFO | Msg '/favicon.ico'
5/13/2026 11:58:25 | INFO | Msg '/character?id=nadia'
5/13/2026 11:58:26 | INFO | Msg '/style/default.css'
5/13/2026 11:58:26 | INFO | Msg '/scripts/classes/character.js'
5/13/2026 11:58:26 | INFO | Msg '/scripts/common.js'
5/13/2026 11:58:26 | INFO | Msg '/scripts/classes/class.js'
5/13/2026 11:58:26 | INFO | Msg '/scripts/classes/subclass.js'
5/13/2026 11:58:26 | INFO | Msg '/scripts/sheet.js'
5/13/2026 11:58:26 | INFO | Msg '/scripts/classes/race.js'
5/13/2026 11:58:26 | INFO | Msg '/scripts/classes/spell.js'
5/13/2026 11:58:26 | INFO | Msg '/scripts/classes/background.js'
5/13/2026 11:58:26 | INFO | Msg '/character/data/nadia'
5/13/2026 11:58:26 | INFO | Msg '/data/class/warlock'
5/13/2026 11:58:26 | INFO | Msg '/data/spell/lvl0/prestidigitation'
5/13/2026 11:58:26 | INFO | Msg '/data/spell/lvl1/charmPerson'
5/13/2026 11:58:26 | INFO | Msg '/data/subclass/warlock_custom'
5/13/2026 11:58:26 | INFO | Msg '/data/race/aasimar_protector'
5/13/2026 11:58:26 | INFO | Msg '/data/background/courtier'
5/13/2026 11:58:26 | INFO | Msg '/data/spell/lvl0/light'
5/13/2026 11:58:26 | INFO | Msg '/data/spell/lvl0/eldrichBlast'
5/13/2026 11:58:26 | INFO | Msg '/data/spell/lvl1/hellishRebuke_mod'
5/13/2026 11:58:26 | INFO | Msg '/favicon.ico'
5/13/2026 11:58:40 | INFO | Msg '/character?id=nadia'
5/13/2026 11:58:40 | INFO | Msg '/style/default.css'
5/13/2026 11:58:40 | INFO | Msg '/scripts/common.js'
5/13/2026 11:58:40 | INFO | Msg '/scripts/classes/class.js'
5/13/2026 11:58:40 | INFO | Msg '/scripts/sheet.js'
5/13/2026 11:58:40 | INFO | Msg '/scripts/classes/character.js'
5/13/2026 11:58:40 | INFO | Msg '/scripts/classes/spell.js'
5/13/2026 11:58:40 | INFO | Msg '/scripts/classes/race.js'
5/13/2026 11:58:40 | INFO | Msg '/scripts/classes/subclass.js'
5/13/2026 11:58:40 | INFO | Msg '/scripts/classes/background.js'
5/13/2026 11:58:41 | INFO | Msg '/character/data/nadia'
5/13/2026 11:58:41 | INFO | Msg '/data/class/warlock'
5/13/2026 11:58:41 | INFO | Msg '/data/spell/lvl0/prestidigitation'
5/13/2026 11:58:41 | INFO | Msg '/data/subclass/warlock_custom'
5/13/2026 11:58:41 | INFO | Msg '/data/race/aasimar_protector'
5/13/2026 11:58:41 | INFO | Msg '/data/background/courtier'
5/13/2026 11:58:41 | INFO | Msg '/data/spell/lvl0/light'
5/13/2026 11:58:41 | INFO | Msg '/data/spell/lvl0/eldrichBlast'
5/13/2026 11:58:41 | INFO | Msg '/data/spell/lvl1/charmPerson'
5/13/2026 11:58:41 | INFO | Msg '/data/spell/lvl1/hellishRebuke_mod'
5/13/2026 11:58:41 | INFO | Msg '/favicon.ico'
5/13/2026 11:59:07 | INFO | Msg '/character?id=nadia'
5/13/2026 11:59:07 | INFO | Msg '/style/default.css'
5/13/2026 11:59:07 | INFO | Msg '/scripts/common.js'
5/13/2026 11:59:07 | INFO | Msg '/scripts/classes/race.js'
5/13/2026 11:59:07 | INFO | Msg '/scripts/classes/subclass.js'
5/13/2026 11:59:07 | INFO | Msg '/scripts/classes/spell.js'
5/13/2026 11:59:07 | INFO | Msg '/scripts/classes/background.js'
5/13/2026 11:59:07 | INFO | Msg '/scripts/classes/class.js'
5/13/2026 11:59:07 | INFO | Msg '/scripts/sheet.js'
5/13/2026 11:59:07 | INFO | Msg '/scripts/classes/character.js'
5/13/2026 11:59:07 | INFO | Msg '/character/data/nadia'
5/13/2026 11:59:07 | INFO | Msg '/data/class/warlock'
5/13/2026 11:59:07 | INFO | Msg '/data/spell/lvl0/prestidigitation'
5/13/2026 11:59:07 | INFO | Msg '/data/subclass/warlock_custom'
5/13/2026 11:59:07 | INFO | Msg '/data/race/aasimar_protector'
5/13/2026 11:59:07 | INFO | Msg '/data/background/courtier'
5/13/2026 11:59:07 | INFO | Msg '/data/spell/lvl0/light'
5/13/2026 11:59:07 | INFO | Msg '/data/spell/lvl0/eldrichBlast'
5/13/2026 11:59:07 | INFO | Msg '/data/spell/lvl1/charmPerson'
5/13/2026 11:59:07 | INFO | Msg '/data/spell/lvl1/hellishRebuke_mod'
5/13/2026 11:59:07 | INFO | Msg '/favicon.ico'
5/13/2026 11:59:40 | INFO | Msg '/character?id=nadia'
5/13/2026 11:59:40 | INFO | Msg '/style/default.css'
5/13/2026 11:59:40 | INFO | Msg '/scripts/common.js'
5/13/2026 11:59:40 | INFO | Msg '/scripts/classes/character.js'
5/13/2026 11:59:40 | INFO | Msg '/scripts/sheet.js'
5/13/2026 11:59:40 | INFO | Msg '/scripts/classes/class.js'
5/13/2026 11:59:40 | INFO | Msg '/scripts/classes/spell.js'
5/13/2026 11:59:40 | INFO | Msg '/scripts/classes/background.js'
5/13/2026 11:59:40 | INFO | Msg '/scripts/classes/race.js'
5/13/2026 11:59:40 | INFO | Msg '/scripts/classes/subclass.js'
5/13/2026 11:59:40 | INFO | Msg '/character/data/nadia'
5/13/2026 11:59:40 | INFO | Msg '/data/class/warlock'
5/13/2026 11:59:40 | INFO | Msg '/data/spell/lvl0/prestidigitation'
5/13/2026 11:59:40 | INFO | Msg '/data/spell/lvl1/charmPerson'
5/13/2026 11:59:40 | INFO | Msg '/data/spell/lvl1/hellishRebuke_mod'
5/13/2026 11:59:40 | INFO | Msg '/data/subclass/warlock_custom'
5/13/2026 11:59:40 | INFO | Msg '/data/race/aasimar_protector'
5/13/2026 11:59:40 | INFO | Msg '/data/background/courtier'
5/13/2026 11:59:40 | INFO | Msg '/data/spell/lvl0/light'
5/13/2026 11:59:40 | INFO | Msg '/data/spell/lvl0/eldrichBlast'
5/13/2026 11:59:40 | INFO | Msg '/favicon.ico'
5/13/2026 12:02:10 | INFO | Msg '/character?id=nadia'
5/13/2026 12:02:10 | INFO | Msg '/style/default.css'
5/13/2026 12:02:10 | INFO | Msg '/scripts/common.js'
5/13/2026 12:02:10 | INFO | Msg '/scripts/classes/subclass.js'
5/13/2026 12:02:10 | INFO | Msg '/scripts/classes/race.js'
5/13/2026 12:02:10 | INFO | Msg '/scripts/classes/background.js'
5/13/2026 12:02:10 | INFO | Msg '/scripts/classes/spell.js'
5/13/2026 12:02:10 | INFO | Msg '/scripts/sheet.js'
5/13/2026 12:02:10 | INFO | Msg '/scripts/classes/class.js'
5/13/2026 12:02:10 | INFO | Msg '/scripts/classes/character.js'
5/13/2026 12:02:10 | INFO | Msg '/character/data/nadia'
5/13/2026 12:02:10 | INFO | Msg '/data/class/warlock'
5/13/2026 12:02:10 | INFO | Msg '/data/spell/lvl0/prestidigitation'
5/13/2026 12:02:10 | INFO | Msg '/data/spell/lvl1/charmPerson'
5/13/2026 12:02:10 | INFO | Msg '/data/spell/lvl1/hellishRebuke_mod'
5/13/2026 12:02:10 | INFO | Msg '/data/subclass/warlock_custom'
5/13/2026 12:02:10 | INFO | Msg '/data/race/aasimar_protector'
5/13/2026 12:02:10 | INFO | Msg '/data/background/courtier'
5/13/2026 12:02:10 | INFO | Msg '/data/spell/lvl0/light'
5/13/2026 12:02:10 | INFO | Msg '/data/spell/lvl0/eldrichBlast'
5/13/2026 12:02:10 | INFO | Msg '/favicon.ico'
5/13/2026 12:02:23 | INFO | Msg '/character?id=nadia'
5/13/2026 12:02:23 | INFO | Msg '/style/default.css'
5/13/2026 12:02:23 | INFO | Msg '/scripts/common.js'
5/13/2026 12:02:23 | INFO | Msg '/scripts/classes/class.js'
5/13/2026 12:02:23 | INFO | Msg '/scripts/classes/subclass.js'
5/13/2026 12:02:23 | INFO | Msg '/scripts/sheet.js'
5/13/2026 12:02:23 | INFO | Msg '/scripts/classes/character.js'
5/13/2026 12:02:23 | INFO | Msg '/scripts/classes/race.js'
5/13/2026 12:02:23 | INFO | Msg '/scripts/classes/spell.js'
5/13/2026 12:02:23 | INFO | Msg '/scripts/classes/background.js'
5/13/2026 12:02:23 | INFO | Msg '/character/data/nadia'
5/13/2026 12:02:23 | INFO | Msg '/data/class/warlock'
5/13/2026 12:02:23 | INFO | Msg '/data/subclass/warlock_custom'
5/13/2026 12:02:23 | INFO | Msg '/data/race/aasimar_protector'
5/13/2026 12:02:23 | INFO | Msg '/data/background/courtier'
5/13/2026 12:02:23 | INFO | Msg '/data/spell/lvl0/light'
5/13/2026 12:02:23 | INFO | Msg '/data/spell/lvl0/eldrichBlast'
5/13/2026 12:02:23 | INFO | Msg '/data/spell/lvl0/prestidigitation'
5/13/2026 12:02:23 | INFO | Msg '/data/spell/lvl1/charmPerson'
5/13/2026 12:02:23 | INFO | Msg '/data/spell/lvl1/hellishRebuke_mod'
5/13/2026 12:02:23 | INFO | Msg '/favicon.ico'
5/13/2026 12:05:11 | INFO | Msg '/character?id=nadia'
5/13/2026 12:05:12 | INFO | Msg '/style/default.css'
5/13/2026 12:05:12 | INFO | Msg '/scripts/classes/class.js'
5/13/2026 12:05:12 | INFO | Msg '/scripts/classes/subclass.js'
5/13/2026 12:05:12 | INFO | Msg '/scripts/classes/race.js'
5/13/2026 12:05:12 | INFO | Msg '/scripts/classes/background.js'
5/13/2026 12:05:12 | INFO | Msg '/scripts/sheet.js'
5/13/2026 12:05:12 | INFO | Msg '/scripts/classes/spell.js'
5/13/2026 12:05:12 | INFO | Msg '/scripts/common.js'
5/13/2026 12:05:12 | INFO | Msg '/scripts/classes/character.js'
5/13/2026 12:05:12 | INFO | Msg '/character/data/nadia'
5/13/2026 12:05:12 | INFO | Msg '/data/class/warlock'
5/13/2026 12:05:12 | INFO | Msg '/data/spell/lvl0/prestidigitation'
5/13/2026 12:05:12 | INFO | Msg '/data/spell/lvl1/charmPerson'
5/13/2026 12:05:12 | INFO | Msg '/data/subclass/warlock_custom'
5/13/2026 12:05:12 | INFO | Msg '/data/race/aasimar_protector'
5/13/2026 12:05:12 | INFO | Msg '/data/background/courtier'
5/13/2026 12:05:12 | INFO | Msg '/data/spell/lvl0/light'
5/13/2026 12:05:12 | INFO | Msg '/data/spell/lvl0/eldrichBlast'
5/13/2026 12:05:12 | INFO | Msg '/data/spell/lvl1/hellishRebuke_mod'
5/13/2026 12:05:12 | INFO | Msg '/favicon.ico'
5/13/2026 12:05:37 | INFO | Msg '/character?id=nadia'
5/13/2026 12:05:37 | INFO | Msg '/style/default.css'
5/13/2026 12:05:37 | INFO | Msg '/scripts/classes/character.js'
5/13/2026 12:05:37 | INFO | Msg '/scripts/common.js'
5/13/2026 12:05:37 | INFO | Msg '/scripts/sheet.js'
5/13/2026 12:05:37 | INFO | Msg '/scripts/classes/class.js'
5/13/2026 12:05:37 | INFO | Msg '/scripts/classes/background.js'
5/13/2026 12:05:37 | INFO | Msg '/scripts/classes/race.js'
5/13/2026 12:05:37 | INFO | Msg '/scripts/classes/spell.js'
5/13/2026 12:05:37 | INFO | Msg '/scripts/classes/subclass.js'
5/13/2026 12:05:38 | INFO | Msg '/character/data/nadia'
5/13/2026 12:05:38 | INFO | Msg '/data/class/warlock'
5/13/2026 12:05:38 | INFO | Msg '/data/spell/lvl0/prestidigitation'
5/13/2026 12:05:38 | INFO | Msg '/data/subclass/warlock_custom'
5/13/2026 12:05:38 | INFO | Msg '/data/race/aasimar_protector'
5/13/2026 12:05:38 | INFO | Msg '/data/background/courtier'
5/13/2026 12:05:38 | INFO | Msg '/data/spell/lvl0/light'
5/13/2026 12:05:38 | INFO | Msg '/data/spell/lvl0/eldrichBlast'
5/13/2026 12:05:38 | INFO | Msg '/data/spell/lvl1/hellishRebuke_mod'
5/13/2026 12:05:38 | INFO | Msg '/data/spell/lvl1/charmPerson'
5/13/2026 12:05:38 | INFO | Msg '/favicon.ico'
5/13/2026 12:05:53 | INFO | Msg '/character?id=nadia'
5/13/2026 12:05:53 | INFO | Msg '/style/default.css'
5/13/2026 12:05:53 | INFO | Msg '/scripts/classes/class.js'
5/13/2026 12:05:53 | INFO | Msg '/scripts/classes/subclass.js'
5/13/2026 12:05:53 | INFO | Msg '/scripts/classes/race.js'
5/13/2026 12:05:53 | INFO | Msg '/scripts/classes/background.js'
5/13/2026 12:05:53 | INFO | Msg '/scripts/classes/spell.js'
5/13/2026 12:05:53 | INFO | Msg '/scripts/sheet.js'
5/13/2026 12:05:53 | INFO | Msg '/scripts/common.js'
5/13/2026 12:05:53 | INFO | Msg '/scripts/classes/character.js'
5/13/2026 12:05:53 | INFO | Msg '/character/data/nadia'
5/13/2026 12:05:53 | INFO | Msg '/data/class/warlock'
5/13/2026 12:05:53 | INFO | Msg '/data/spell/lvl0/prestidigitation'
5/13/2026 12:05:53 | INFO | Msg '/data/subclass/warlock_custom'
5/13/2026 12:05:53 | INFO | Msg '/data/race/aasimar_protector'
5/13/2026 12:05:53 | INFO | Msg '/data/background/courtier'
5/13/2026 12:05:53 | INFO | Msg '/data/spell/lvl0/light'
5/13/2026 12:05:53 | INFO | Msg '/data/spell/lvl0/eldrichBlast'
5/13/2026 12:05:53 | INFO | Msg '/data/spell/lvl1/charmPerson'
5/13/2026 12:05:53 | INFO | Msg '/data/spell/lvl1/hellishRebuke_mod'
5/13/2026 12:05:53 | INFO | Msg '/favicon.ico'
5/13/2026 12:07:58 | INFO | Msg '/character?id=nadia'
5/13/2026 12:07:58 | INFO | Msg '/style/default.css'
5/13/2026 12:07:58 | INFO | Msg '/scripts/common.js'
5/13/2026 12:07:58 | INFO | Msg '/scripts/classes/subclass.js'
5/13/2026 12:07:58 | INFO | Msg '/scripts/classes/race.js'
5/13/2026 12:07:58 | INFO | Msg '/scripts/classes/background.js'
5/13/2026 12:07:58 | INFO | Msg '/scripts/classes/spell.js'
5/13/2026 12:07:58 | INFO | Msg '/scripts/sheet.js'
5/13/2026 12:07:58 | INFO | Msg '/scripts/classes/character.js'
5/13/2026 12:07:58 | INFO | Msg '/scripts/classes/class.js'
5/13/2026 12:07:58 | INFO | Msg '/character/data/nadia'
5/13/2026 12:07:58 | INFO | Msg '/data/class/warlock'
5/13/2026 12:07:58 | INFO | Msg '/data/subclass/warlock_custom'
5/13/2026 12:07:58 | INFO | Msg '/data/race/aasimar_protector'
5/13/2026 12:07:58 | INFO | Msg '/data/background/courtier'
5/13/2026 12:07:58 | INFO | Msg '/data/spell/lvl0/light'
5/13/2026 12:07:58 | INFO | Msg '/data/spell/lvl0/eldrichBlast'
5/13/2026 12:07:58 | INFO | Msg '/data/spell/lvl1/charmPerson'
5/13/2026 12:07:58 | INFO | Msg '/data/spell/lvl0/prestidigitation'
5/13/2026 12:07:58 | INFO | Msg '/data/spell/lvl1/hellishRebuke_mod'
5/13/2026 12:07:58 | INFO | Msg '/data/spell/lvl1/comprehendLanguages'
5/13/2026 12:07:58 | INFO | Msg '/favicon.ico'
5/13/2026 12:13:57 | INFO | Msg '/character?id=nadia'
5/13/2026 12:13:57 | INFO | Msg '/style/default.css'
5/13/2026 12:13:57 | INFO | Msg '/scripts/classes/class.js'
5/13/2026 12:13:57 | INFO | Msg '/scripts/classes/spell.js'
5/13/2026 12:13:57 | INFO | Msg '/scripts/classes/subclass.js'
5/13/2026 12:13:57 | INFO | Msg '/scripts/classes/character.js'
5/13/2026 12:13:57 | INFO | Msg '/scripts/common.js'
5/13/2026 12:13:57 | INFO | Msg '/scripts/classes/race.js'
5/13/2026 12:13:57 | INFO | Msg '/scripts/classes/background.js'
5/13/2026 12:13:57 | INFO | Msg '/scripts/sheet.js'
5/13/2026 12:13:57 | INFO | Msg '/character/data/nadia'
5/13/2026 12:13:57 | INFO | Msg '/data/class/warlock'
5/13/2026 12:13:57 | INFO | Msg '/data/subclass/warlock_custom'
5/13/2026 12:13:57 | INFO | Msg '/data/race/aasimar_protector'
5/13/2026 12:13:57 | INFO | Msg '/data/background/courtier'
5/13/2026 12:13:57 | INFO | Msg '/data/spell/lvl0/light'
5/13/2026 12:13:57 | INFO | Msg '/data/spell/lvl0/eldrichBlast'
5/13/2026 12:13:57 | INFO | Msg '/data/spell/lvl0/prestidigitation'
5/13/2026 12:13:57 | INFO | Msg '/data/spell/lvl1/charmPerson'
5/13/2026 12:13:57 | INFO | Msg '/data/spell/lvl1/hellishRebuke_mod'
5/13/2026 12:13:57 | INFO | Msg '/data/spell/lvl1/comprehendLanguages'
5/13/2026 12:13:57 | INFO | Msg '/data/spell/lvl1/detectMagic'
5/13/2026 12:13:57 | INFO | Msg '/data/spell/lvl2/mistyStep'
5/13/2026 12:13:57 | INFO | Msg '/data/spell/lvl2/suggestion'
5/13/2026 12:13:57 | INFO | Msg '/favicon.ico'
5/13/2026 12:14:23 | INFO | Msg '/character?id=nadia'
5/13/2026 12:14:23 | INFO | Msg '/style/default.css'
5/13/2026 12:14:23 | INFO | Msg '/scripts/common.js'
5/13/2026 12:14:23 | INFO | Msg '/scripts/classes/character.js'
5/13/2026 12:14:23 | INFO | Msg '/scripts/classes/race.js'
5/13/2026 12:14:23 | INFO | Msg '/scripts/classes/background.js'
5/13/2026 12:14:23 | INFO | Msg '/scripts/classes/spell.js'
5/13/2026 12:14:23 | INFO | Msg '/scripts/sheet.js'
5/13/2026 12:14:23 | INFO | Msg '/scripts/classes/class.js'
5/13/2026 12:14:23 | INFO | Msg '/scripts/classes/subclass.js'
5/13/2026 12:14:24 | INFO | Msg '/character/data/nadia'
5/13/2026 12:14:24 | INFO | Msg '/data/class/warlock'
5/13/2026 12:14:24 | INFO | Msg '/data/spell/lvl0/prestidigitation'
5/13/2026 12:14:24 | INFO | Msg '/data/subclass/warlock_custom'
5/13/2026 12:14:24 | INFO | Msg '/data/race/aasimar_protector'
5/13/2026 12:14:24 | INFO | Msg '/data/background/courtier'
5/13/2026 12:14:24 | INFO | Msg '/data/spell/lvl0/light'
5/13/2026 12:14:24 | INFO | Msg '/data/spell/lvl0/eldrichBlast'
5/13/2026 12:14:24 | INFO | Msg '/data/spell/lvl1/charmPerson'
5/13/2026 12:14:24 | INFO | Msg '/data/spell/lvl1/hellishRebuke_mod'
5/13/2026 12:14:24 | INFO | Msg '/data/spell/lvl1/comprehendLanguages'
5/13/2026 12:14:24 | INFO | Msg '/data/spell/lvl1/detectMagic'
5/13/2026 12:14:24 | INFO | Msg '/data/spell/lvl2/mistyStep'
5/13/2026 12:14:24 | INFO | Msg '/data/spell/lvl2/suggestion'
5/13/2026 12:14:24 | INFO | Msg '/favicon.ico'
5/13/2026 12:18:47 | INFO | Msg '/character?id=nadia'
5/13/2026 12:18:47 | INFO | Msg '/scripts/common.js'
5/13/2026 12:18:47 | INFO | Msg '/scripts/classes/character.js'
5/13/2026 12:18:47 | INFO | Msg '/scripts/classes/subclass.js'
5/13/2026 12:18:47 | INFO | Msg '/style/default.css'
5/13/2026 12:18:47 | INFO | Msg '/scripts/classes/background.js'
5/13/2026 12:18:47 | INFO | Msg '/scripts/classes/spell.js'
5/13/2026 12:18:47 | INFO | Msg '/scripts/classes/class.js'
5/13/2026 12:18:47 | INFO | Msg '/scripts/sheet.js'
5/13/2026 12:18:47 | INFO | Msg '/scripts/classes/race.js'
5/13/2026 12:18:47 | INFO | Msg '/character/data/nadia'
5/13/2026 12:18:47 | INFO | Msg '/data/class/warlock'
5/13/2026 12:18:47 | INFO | Msg '/data/spell/lvl0/prestidigitation'
5/13/2026 12:18:47 | INFO | Msg '/data/subclass/warlock_custom'
5/13/2026 12:18:47 | INFO | Msg '/data/race/aasimar_protector'
5/13/2026 12:18:47 | INFO | Msg '/data/background/courtier'
5/13/2026 12:18:47 | INFO | Msg '/data/spell/lvl0/light'
5/13/2026 12:18:47 | INFO | Msg '/data/spell/lvl0/eldrichBlast'
5/13/2026 12:18:47 | INFO | Msg '/data/spell/lvl1/charmPerson'
5/13/2026 12:18:47 | INFO | Msg '/data/spell/lvl1/hellishRebuke_mod'
5/13/2026 12:18:47 | INFO | Msg '/data/spell/lvl1/comprehendLanguages'
5/13/2026 12:18:47 | INFO | Msg '/data/spell/lvl1/detectMagic'
5/13/2026 12:18:47 | INFO | Msg '/data/spell/lvl2/mistyStep'
5/13/2026 12:18:47 | INFO | Msg '/data/spell/lvl2/suggestion'
5/13/2026 12:24:35 | INFO | Msg '/character?id=nadia'
5/13/2026 12:24:35 | INFO | Msg '/scripts/common.js'
5/13/2026 12:24:35 | INFO | Msg '/scripts/classes/character.js'
5/13/2026 12:24:35 | INFO | Msg '/scripts/classes/class.js'
5/13/2026 12:24:35 | INFO | Msg '/scripts/classes/race.js'
5/13/2026 12:24:35 | INFO | Msg '/style/default.css'
5/13/2026 12:24:35 | INFO | Msg '/scripts/classes/subclass.js'
5/13/2026 12:24:35 | INFO | Msg '/scripts/classes/background.js'
5/13/2026 12:24:35 | INFO | Msg '/scripts/classes/spell.js'
5/13/2026 12:24:35 | INFO | Msg '/scripts/sheet.js'
5/13/2026 12:24:35 | INFO | Msg '/character/data/nadia'
5/13/2026 12:24:35 | INFO | Msg '/data/class/warlock'
5/13/2026 12:24:35 | INFO | Msg '/data/spell/lvl0/prestidigitation'
5/13/2026 12:24:35 | INFO | Msg '/data/subclass/warlock_custom'
5/13/2026 12:24:35 | INFO | Msg '/data/race/aasimar_protector'
5/13/2026 12:24:35 | INFO | Msg '/data/background/courtier'
5/13/2026 12:24:35 | INFO | Msg '/data/spell/lvl0/light'
5/13/2026 12:24:35 | INFO | Msg '/data/spell/lvl0/eldrichBlast'
5/13/2026 12:24:35 | INFO | Msg '/data/spell/lvl1/charmPerson'
5/13/2026 12:24:35 | INFO | Msg '/data/spell/lvl1/hellishRebuke_mod'
5/13/2026 12:24:35 | INFO | Msg '/data/spell/lvl1/comprehendLanguages'
5/13/2026 12:24:35 | INFO | Msg '/data/spell/lvl1/detectMagic'
5/13/2026 12:24:35 | INFO | Msg '/data/spell/lvl2/mistyStep'
5/13/2026 12:24:35 | INFO | Msg '/data/spell/lvl2/suggestion'
5/13/2026 12:25:57 | INFO | Msg '/character?id=nadia'
5/13/2026 12:25:57 | INFO | Msg '/style/default.css'
5/13/2026 12:25:57 | INFO | Msg '/scripts/common.js'
5/13/2026 12:25:57 | INFO | Msg '/scripts/classes/character.js'
5/13/2026 12:25:57 | INFO | Msg '/scripts/classes/spell.js'
5/13/2026 12:25:57 | INFO | Msg '/scripts/classes/background.js'
5/13/2026 12:25:57 | INFO | Msg '/scripts/sheet.js'
5/13/2026 12:25:57 | INFO | Msg '/scripts/classes/race.js'
5/13/2026 12:25:57 | INFO | Msg '/scripts/classes/subclass.js'
5/13/2026 12:25:57 | INFO | Msg '/scripts/classes/class.js'
5/13/2026 12:25:57 | INFO | Msg '/character/data/nadia'
5/13/2026 12:25:57 | INFO | Msg '/data/class/warlock'
5/13/2026 12:25:57 | INFO | Msg '/data/spell/lvl0/prestidigitation'
5/13/2026 12:25:57 | INFO | Msg '/data/spell/lvl1/charmPerson'
5/13/2026 12:25:57 | INFO | Msg '/data/subclass/warlock_custom'
5/13/2026 12:25:57 | INFO | Msg '/data/race/aasimar_protector'
5/13/2026 12:25:57 | INFO | Msg '/data/background/courtier'
5/13/2026 12:25:57 | INFO | Msg '/data/spell/lvl0/light'
5/13/2026 12:25:57 | INFO | Msg '/data/spell/lvl0/eldrichBlast'
5/13/2026 12:25:57 | INFO | Msg '/data/spell/lvl1/hellishRebuke_mod'
5/13/2026 12:25:57 | INFO | Msg '/data/spell/lvl1/comprehendLanguages'
5/13/2026 12:25:57 | INFO | Msg '/data/spell/lvl1/detectMagic'
5/13/2026 12:25:57 | INFO | Msg '/data/spell/lvl2/mistyStep'
5/13/2026 12:25:57 | INFO | Msg '/data/spell/lvl2/suggestion'
5/13/2026 12:26:06 | INFO | Msg '/character?id=nadia'
5/13/2026 12:26:06 | INFO | Msg '/style/default.css'
5/13/2026 12:26:06 | INFO | Msg '/scripts/common.js'
5/13/2026 12:26:06 | INFO | Msg '/scripts/classes/class.js'
5/13/2026 12:26:06 | INFO | Msg '/scripts/sheet.js'
5/13/2026 12:26:06 | INFO | Msg '/scripts/classes/background.js'
5/13/2026 12:26:06 | INFO | Msg '/scripts/classes/character.js'
5/13/2026 12:26:06 | INFO | Msg '/scripts/classes/race.js'
5/13/2026 12:26:06 | INFO | Msg '/scripts/classes/spell.js'
5/13/2026 12:26:06 | INFO | Msg '/scripts/classes/subclass.js'
5/13/2026 12:26:06 | INFO | Msg '/character/data/nadia'
5/13/2026 12:26:06 | INFO | Msg '/data/class/warlock'
5/13/2026 12:26:06 | INFO | Msg '/data/subclass/warlock_custom'
5/13/2026 12:26:06 | INFO | Msg '/data/race/aasimar_protector'
5/13/2026 12:26:06 | INFO | Msg '/data/background/courtier'
5/13/2026 12:26:06 | INFO | Msg '/data/spell/lvl0/light'
5/13/2026 12:26:06 | INFO | Msg '/data/spell/lvl0/eldrichBlast'
5/13/2026 12:26:06 | INFO | Msg '/data/spell/lvl0/prestidigitation'
5/13/2026 12:26:06 | INFO | Msg '/data/spell/lvl1/charmPerson'
5/13/2026 12:26:06 | INFO | Msg '/data/spell/lvl1/hellishRebuke_mod'
5/13/2026 12:26:06 | INFO | Msg '/data/spell/lvl1/comprehendLanguages'
5/13/2026 12:26:06 | INFO | Msg '/data/spell/lvl1/detectMagic'
5/13/2026 12:26:06 | INFO | Msg '/data/spell/lvl2/mistyStep'
5/13/2026 12:26:06 | INFO | Msg '/data/spell/lvl2/suggestion'
5/13/2026 12:26:47 | INFO | Msg '/character?id=nadia'
5/13/2026 12:26:47 | INFO | Msg '/style/default.css'
5/13/2026 12:26:47 | INFO | Msg '/scripts/common.js'
5/13/2026 12:26:47 | INFO | Msg '/scripts/classes/class.js'
5/13/2026 12:26:47 | INFO | Msg '/scripts/classes/race.js'
5/13/2026 12:26:47 | INFO | Msg '/scripts/classes/character.js'
5/13/2026 12:26:47 | INFO | Msg '/scripts/classes/spell.js'
5/13/2026 12:26:47 | INFO | Msg '/scripts/sheet.js'
5/13/2026 12:26:47 | INFO | Msg '/scripts/classes/subclass.js'
5/13/2026 12:26:47 | INFO | Msg '/scripts/classes/background.js'
5/13/2026 12:26:47 | INFO | Msg '/character/data/nadia'
5/13/2026 12:26:47 | INFO | Msg '/data/class/warlock'
5/13/2026 12:26:48 | INFO | Msg '/data/spell/lvl0/prestidigitation'
5/13/2026 12:26:48 | INFO | Msg '/data/subclass/warlock_custom'
5/13/2026 12:26:48 | INFO | Msg '/data/race/aasimar_protector'
5/13/2026 12:26:48 | INFO | Msg '/data/background/courtier'
5/13/2026 12:26:48 | INFO | Msg '/data/spell/lvl0/light'
5/13/2026 12:26:48 | INFO | Msg '/data/spell/lvl0/eldrichBlast'
5/13/2026 12:26:48 | INFO | Msg '/data/spell/lvl1/charmPerson'
5/13/2026 12:26:48 | INFO | Msg '/data/spell/lvl1/hellishRebuke_mod'
5/13/2026 12:26:48 | INFO | Msg '/data/spell/lvl1/comprehendLanguages'
5/13/2026 12:26:48 | INFO | Msg '/data/spell/lvl1/detectMagic'
5/13/2026 12:26:48 | INFO | Msg '/data/spell/lvl2/mistyStep'
5/13/2026 12:26:48 | INFO | Msg '/data/spell/lvl2/suggestion'
5/13/2026 12:27:04 | INFO | Msg '/character?id=nadia'
5/13/2026 12:27:04 | INFO | Msg '/style/default.css'
5/13/2026 12:27:04 | INFO | Msg '/scripts/common.js'
5/13/2026 12:27:04 | INFO | Msg '/scripts/classes/class.js'
5/13/2026 12:27:04 | INFO | Msg '/scripts/classes/character.js'
5/13/2026 12:27:04 | INFO | Msg '/scripts/classes/race.js'
5/13/2026 12:27:04 | INFO | Msg '/scripts/classes/background.js'
5/13/2026 12:27:04 | INFO | Msg '/scripts/classes/spell.js'
5/13/2026 12:27:04 | INFO | Msg '/scripts/classes/subclass.js'
5/13/2026 12:27:04 | INFO | Msg '/scripts/sheet.js'
5/13/2026 12:27:04 | INFO | Msg '/character/data/nadia'
5/13/2026 12:27:04 | INFO | Msg '/data/class/warlock'
5/13/2026 12:27:04 | INFO | Msg '/data/spell/lvl0/prestidigitation'
5/13/2026 12:27:04 | INFO | Msg '/data/subclass/warlock_custom'
5/13/2026 12:27:04 | INFO | Msg '/data/race/aasimar_protector'
5/13/2026 12:27:04 | INFO | Msg '/data/background/courtier'
5/13/2026 12:27:04 | INFO | Msg '/data/spell/lvl0/light'
5/13/2026 12:27:04 | INFO | Msg '/data/spell/lvl0/eldrichBlast'
5/13/2026 12:27:04 | INFO | Msg '/data/spell/lvl1/charmPerson'
5/13/2026 12:27:04 | INFO | Msg '/data/spell/lvl2/suggestion'
5/13/2026 12:27:04 | INFO | Msg '/data/spell/lvl1/hellishRebuke_mod'
5/13/2026 12:27:04 | INFO | Msg '/data/spell/lvl1/comprehendLanguages'
5/13/2026 12:27:04 | INFO | Msg '/data/spell/lvl1/detectMagic'
5/13/2026 12:27:04 | INFO | Msg '/data/spell/lvl2/mistyStep'
5/13/2026 12:28:22 | INFO | Msg '/character?id=nadia'
5/13/2026 12:28:22 | INFO | Msg '/style/default.css'
5/13/2026 12:28:22 | INFO | Msg '/scripts/classes/subclass.js'
5/13/2026 12:28:22 | INFO | Msg '/scripts/common.js'
5/13/2026 12:28:22 | INFO | Msg '/scripts/classes/race.js'
5/13/2026 12:28:22 | INFO | Msg '/scripts/classes/background.js'
5/13/2026 12:28:22 | INFO | Msg '/scripts/classes/spell.js'
5/13/2026 12:28:22 | INFO | Msg '/scripts/sheet.js'
5/13/2026 12:28:22 | INFO | Msg '/scripts/classes/character.js'
5/13/2026 12:28:22 | INFO | Msg '/scripts/classes/class.js'
5/13/2026 12:28:22 | INFO | Msg '/character/data/nadia'
5/13/2026 12:28:22 | INFO | Msg '/data/class/warlock'
5/13/2026 12:28:22 | INFO | Msg '/data/spell/lvl0/prestidigitation'
5/13/2026 12:28:22 | INFO | Msg '/data/subclass/warlock_custom'
5/13/2026 12:28:22 | INFO | Msg '/data/race/aasimar_protector'
5/13/2026 12:28:22 | INFO | Msg '/data/background/courtier'
5/13/2026 12:28:22 | INFO | Msg '/data/spell/lvl0/light'
5/13/2026 12:28:22 | INFO | Msg '/data/spell/lvl0/eldrichBlast'
5/13/2026 12:28:22 | INFO | Msg '/data/spell/lvl1/charmPerson'
5/13/2026 12:28:22 | INFO | Msg '/data/spell/lvl1/hellishRebuke_mod'
5/13/2026 12:28:22 | INFO | Msg '/data/spell/lvl1/comprehendLanguages'
5/13/2026 12:28:22 | INFO | Msg '/data/spell/lvl1/detectMagic'
5/13/2026 12:28:22 | INFO | Msg '/data/spell/lvl2/mistyStep'
5/13/2026 12:28:22 | INFO | Msg '/data/spell/lvl2/suggestion'
5/13/2026 12:29:34 | INFO | Msg '/character?id=nadia'
5/13/2026 12:29:35 | INFO | Msg '/scripts/common.js'
5/13/2026 12:29:35 | INFO | Msg '/scripts/classes/subclass.js'
5/13/2026 12:29:35 | INFO | Msg '/scripts/classes/character.js'
5/13/2026 12:29:35 | INFO | Msg '/scripts/classes/class.js'
5/13/2026 12:29:35 | INFO | Msg '/scripts/classes/background.js'
5/13/2026 12:29:35 | INFO | Msg '/scripts/classes/race.js'
5/13/2026 12:29:35 | INFO | Msg '/style/default.css'
5/13/2026 12:29:35 | INFO | Msg '/scripts/classes/spell.js'
5/13/2026 12:29:35 | INFO | Msg '/scripts/sheet.js'
5/13/2026 12:29:35 | INFO | Msg '/character/data/nadia'
5/13/2026 12:29:35 | INFO | Msg '/data/class/warlock'
5/13/2026 12:29:35 | INFO | Msg '/data/subclass/warlock_custom'
5/13/2026 12:29:35 | INFO | Msg '/data/race/aasimar_protector'
5/13/2026 12:29:35 | INFO | Msg '/data/background/courtier'
5/13/2026 12:29:35 | INFO | Msg '/data/spell/lvl0/light'
5/13/2026 12:29:35 | INFO | Msg '/data/spell/lvl0/eldrichBlast'
5/13/2026 12:29:35 | INFO | Msg '/data/spell/lvl1/charmPerson'
5/13/2026 12:29:35 | INFO | Msg '/data/spell/lvl0/prestidigitation'
5/13/2026 12:29:35 | INFO | Msg '/data/spell/lvl1/hellishRebuke_mod'
5/13/2026 12:29:35 | INFO | Msg '/data/spell/lvl1/comprehendLanguages'
5/13/2026 12:29:35 | INFO | Msg '/data/spell/lvl1/detectMagic'
5/13/2026 12:29:35 | INFO | Msg '/data/spell/lvl2/mistyStep'
5/13/2026 12:29:35 | INFO | Msg '/data/spell/lvl2/suggestion'
5/13/2026 12:30:36 | INFO | Msg '/character?id=nadia'
5/13/2026 12:30:36 | INFO | Msg '/scripts/common.js'
5/13/2026 12:30:36 | INFO | Msg '/scripts/classes/character.js'
5/13/2026 12:30:36 | INFO | Msg '/style/default.css'
5/13/2026 12:30:36 | INFO | Msg '/scripts/classes/race.js'
5/13/2026 12:30:36 | INFO | Msg '/scripts/classes/background.js'
5/13/2026 12:30:36 | INFO | Msg '/scripts/classes/spell.js'
5/13/2026 12:30:36 | INFO | Msg '/scripts/sheet.js'
5/13/2026 12:30:36 | INFO | Msg '/scripts/classes/subclass.js'
5/13/2026 12:30:36 | INFO | Msg '/scripts/classes/class.js'
5/13/2026 12:30:36 | INFO | Msg '/character/data/nadia'
5/13/2026 12:30:37 | INFO | Msg '/data/class/warlock'
5/13/2026 12:30:37 | INFO | Msg '/data/spell/lvl0/prestidigitation'
5/13/2026 12:30:37 | INFO | Msg '/data/subclass/warlock_custom'
5/13/2026 12:30:37 | INFO | Msg '/data/race/aasimar_protector'
5/13/2026 12:30:37 | INFO | Msg '/data/background/courtier'
5/13/2026 12:30:37 | INFO | Msg '/data/spell/lvl0/light'
5/13/2026 12:30:37 | INFO | Msg '/data/spell/lvl0/eldrichBlast'
5/13/2026 12:30:37 | INFO | Msg '/data/spell/lvl1/charmPerson'
5/13/2026 12:30:37 | INFO | Msg '/data/spell/lvl1/hellishRebuke_mod'
5/13/2026 12:30:37 | INFO | Msg '/data/spell/lvl1/comprehendLanguages'
5/13/2026 12:30:37 | INFO | Msg '/data/spell/lvl1/detectMagic'
5/13/2026 12:30:37 | INFO | Msg '/data/spell/lvl2/mistyStep'
5/13/2026 12:30:37 | INFO | Msg '/data/spell/lvl2/suggestion'
5/13/2026 12:31:18 | INFO | Msg '/character?id=nadia'
5/13/2026 12:31:19 | INFO | Msg '/scripts/common.js'
5/13/2026 12:31:19 | INFO | Msg '/scripts/classes/character.js'
5/13/2026 12:31:19 | INFO | Msg '/scripts/classes/spell.js'
5/13/2026 12:31:19 | INFO | Msg '/scripts/classes/subclass.js'
5/13/2026 12:31:19 | INFO | Msg '/scripts/classes/class.js'
5/13/2026 12:31:19 | INFO | Msg '/scripts/sheet.js'
5/13/2026 12:31:19 | INFO | Msg '/scripts/classes/background.js'
5/13/2026 12:31:19 | INFO | Msg '/style/default.css'
5/13/2026 12:31:19 | INFO | Msg '/scripts/classes/race.js'
5/13/2026 12:31:19 | INFO | Msg '/character/data/nadia'
5/13/2026 12:31:19 | INFO | Msg '/data/class/warlock'
5/13/2026 12:31:19 | INFO | Msg '/data/subclass/warlock_custom'
5/13/2026 12:31:19 | INFO | Msg '/data/race/aasimar_protector'
5/13/2026 12:31:19 | INFO | Msg '/data/background/courtier'
5/13/2026 12:31:19 | INFO | Msg '/data/spell/lvl0/light'
5/13/2026 12:31:19 | INFO | Msg '/data/spell/lvl0/eldrichBlast'
5/13/2026 12:31:19 | INFO | Msg '/data/spell/lvl0/prestidigitation'
5/13/2026 12:31:19 | INFO | Msg '/data/spell/lvl1/charmPerson'
5/13/2026 12:31:19 | INFO | Msg '/data/spell/lvl1/hellishRebuke_mod'
5/13/2026 12:31:19 | INFO | Msg '/data/spell/lvl1/comprehendLanguages'
5/13/2026 12:31:19 | INFO | Msg '/data/spell/lvl1/detectMagic'
5/13/2026 12:31:19 | INFO | Msg '/data/spell/lvl2/mistyStep'
5/13/2026 12:31:19 | INFO | Msg '/data/spell/lvl2/suggestion'
5/13/2026 12:32:29 | INFO | Msg '/character?id=nadia'
5/13/2026 12:32:29 | INFO | Msg '/scripts/common.js'
5/13/2026 12:32:29 | INFO | Msg '/scripts/classes/character.js'
5/13/2026 12:32:29 | INFO | Msg '/scripts/classes/spell.js'
5/13/2026 12:32:29 | INFO | Msg '/scripts/classes/background.js'
5/13/2026 12:32:29 | INFO | Msg '/scripts/classes/race.js'
5/13/2026 12:32:29 | INFO | Msg '/scripts/sheet.js'
5/13/2026 12:32:29 | INFO | Msg '/scripts/classes/class.js'
5/13/2026 12:32:29 | INFO | Msg '/scripts/classes/subclass.js'
5/13/2026 12:32:29 | INFO | Msg '/style/default.css'
5/13/2026 12:32:29 | INFO | Msg '/character/data/nadia'
5/13/2026 12:32:29 | INFO | Msg '/data/class/warlock'
5/13/2026 12:32:29 | INFO | Msg '/data/spell/lvl0/prestidigitation'
5/13/2026 12:32:29 | INFO | Msg '/data/subclass/warlock_custom'
5/13/2026 12:32:29 | INFO | Msg '/data/race/aasimar_protector'
5/13/2026 12:32:29 | INFO | Msg '/data/background/courtier'
5/13/2026 12:32:29 | INFO | Msg '/data/spell/lvl0/light'
5/13/2026 12:32:29 | INFO | Msg '/data/spell/lvl0/eldrichBlast'
5/13/2026 12:32:29 | INFO | Msg '/data/spell/lvl2/suggestion'
5/13/2026 12:32:29 | INFO | Msg '/data/spell/lvl1/charmPerson'
5/13/2026 12:32:29 | INFO | Msg '/data/spell/lvl1/hellishRebuke_mod'
5/13/2026 12:32:29 | INFO | Msg '/data/spell/lvl1/comprehendLanguages'
5/13/2026 12:32:29 | INFO | Msg '/data/spell/lvl1/detectMagic'
5/13/2026 12:32:29 | INFO | Msg '/data/spell/lvl2/mistyStep'
5/13/2026 12:32:55 | INFO | Msg '/character?id=nadia'
5/13/2026 12:32:55 | INFO | Msg '/style/default.css'
5/13/2026 12:32:55 | INFO | Msg '/scripts/common.js'
5/13/2026 12:32:55 | INFO | Msg '/scripts/classes/character.js'
5/13/2026 12:32:55 | INFO | Msg '/scripts/sheet.js'
5/13/2026 12:32:55 | INFO | Msg '/scripts/classes/class.js'
5/13/2026 12:32:55 | INFO | Msg '/scripts/classes/race.js'
5/13/2026 12:32:55 | INFO | Msg '/scripts/classes/subclass.js'
5/13/2026 12:32:55 | INFO | Msg '/scripts/classes/spell.js'
5/13/2026 12:32:55 | INFO | Msg '/scripts/classes/background.js'
5/13/2026 12:32:55 | INFO | Msg '/character/data/nadia'
5/13/2026 12:32:55 | INFO | Msg '/data/class/warlock'
5/13/2026 12:32:55 | INFO | Msg '/data/spell/lvl0/prestidigitation'
5/13/2026 12:32:55 | INFO | Msg '/data/subclass/warlock_custom'
5/13/2026 12:32:55 | INFO | Msg '/data/race/aasimar_protector'
5/13/2026 12:32:55 | INFO | Msg '/data/background/courtier'
5/13/2026 12:32:55 | INFO | Msg '/data/spell/lvl0/light'
5/13/2026 12:32:55 | INFO | Msg '/data/spell/lvl0/eldrichBlast'
5/13/2026 12:32:55 | INFO | Msg '/data/spell/lvl1/charmPerson'
5/13/2026 12:32:55 | INFO | Msg '/data/spell/lvl1/hellishRebuke_mod'
5/13/2026 12:32:55 | INFO | Msg '/data/spell/lvl1/comprehendLanguages'
5/13/2026 12:32:55 | INFO | Msg '/data/spell/lvl1/detectMagic'
5/13/2026 12:32:55 | INFO | Msg '/data/spell/lvl2/mistyStep'
5/13/2026 12:32:55 | INFO | Msg '/data/spell/lvl2/suggestion'
5/13/2026 12:34:19 | INFO | Msg '/character?id=nadia'
5/13/2026 12:34:19 | INFO | Msg '/scripts/common.js'
5/13/2026 12:34:19 | INFO | Msg '/scripts/classes/character.js'
5/13/2026 12:34:19 | INFO | Msg '/scripts/classes/class.js'
5/13/2026 12:34:19 | INFO | Msg '/scripts/classes/subclass.js'
5/13/2026 12:34:19 | INFO | Msg '/scripts/sheet.js'
5/13/2026 12:34:19 | INFO | Msg '/scripts/classes/race.js'
5/13/2026 12:34:19 | INFO | Msg '/scripts/classes/background.js'
5/13/2026 12:34:19 | INFO | Msg '/style/default.css'
5/13/2026 12:34:19 | INFO | Msg '/scripts/classes/spell.js'
5/13/2026 12:34:20 | INFO | Msg '/character/data/nadia'
5/13/2026 12:34:20 | INFO | Msg '/data/class/warlock'
5/13/2026 12:34:20 | INFO | Msg '/data/subclass/warlock_custom'
5/13/2026 12:34:20 | INFO | Msg '/data/race/aasimar_protector'
5/13/2026 12:34:20 | INFO | Msg '/data/background/courtier'
5/13/2026 12:34:20 | INFO | Msg '/data/spell/lvl0/light'
5/13/2026 12:34:20 | INFO | Msg '/data/spell/lvl0/eldrichBlast'
5/13/2026 12:34:20 | INFO | Msg '/data/spell/lvl0/prestidigitation'
5/13/2026 12:34:20 | INFO | Msg '/data/spell/lvl1/charmPerson'
5/13/2026 12:34:20 | INFO | Msg '/data/spell/lvl1/hellishRebuke_mod'
5/13/2026 12:34:20 | INFO | Msg '/data/spell/lvl1/comprehendLanguages'
5/13/2026 12:34:20 | INFO | Msg '/data/spell/lvl1/detectMagic'
5/13/2026 12:34:20 | INFO | Msg '/data/spell/lvl2/mistyStep'
5/13/2026 12:34:20 | INFO | Msg '/data/spell/lvl2/suggestion'
5/13/2026 12:41:21 | INFO | Msg '/character?id=nadia'
5/13/2026 12:41:21 | INFO | Msg '/scripts/common.js'
5/13/2026 12:41:21 | INFO | Msg '/scripts/classes/character.js'
5/13/2026 12:41:21 | INFO | Msg '/scripts/classes/race.js'
5/13/2026 12:41:21 | INFO | Msg '/scripts/sheet.js'
5/13/2026 12:41:21 | INFO | Msg '/scripts/classes/spell.js'
5/13/2026 12:41:21 | INFO | Msg '/scripts/classes/background.js'
5/13/2026 12:41:21 | INFO | Msg '/style/default.css'
5/13/2026 12:41:21 | INFO | Msg '/scripts/classes/class.js'
5/13/2026 12:41:21 | INFO | Msg '/scripts/classes/subclass.js'
5/13/2026 12:41:21 | INFO | Msg '/character/data/nadia'
5/13/2026 12:41:21 | INFO | Msg '/data/class/warlock'
5/13/2026 12:41:21 | INFO | Msg '/data/spell/lvl0/prestidigitation'
5/13/2026 12:41:21 | INFO | Msg '/data/subclass/warlock_custom'
5/13/2026 12:41:21 | INFO | Msg '/data/race/aasimar_protector'
5/13/2026 12:41:21 | INFO | Msg '/data/background/courtier'
5/13/2026 12:41:21 | INFO | Msg '/data/spell/lvl0/light'
5/13/2026 12:41:21 | INFO | Msg '/data/spell/lvl0/eldrichBlast'
5/13/2026 12:41:21 | INFO | Msg '/data/spell/lvl1/charmPerson'
5/13/2026 12:41:21 | INFO | Msg '/data/spell/lvl1/hellishRebuke_mod'
5/13/2026 12:41:21 | INFO | Msg '/data/spell/lvl1/comprehendLanguages'
5/13/2026 12:41:21 | INFO | Msg '/data/spell/lvl1/detectMagic'
5/13/2026 12:41:21 | INFO | Msg '/data/spell/lvl2/mistyStep'
5/13/2026 12:41:21 | INFO | Msg '/data/spell/lvl2/suggestion'
5/13/2026 12:42:19 | INFO | Msg '/character?id=nadia'
5/13/2026 12:42:19 | INFO | Msg '/style/default.css'
5/13/2026 12:42:19 | INFO | Msg '/scripts/classes/class.js'
5/13/2026 12:42:19 | INFO | Msg '/scripts/classes/subclass.js'
5/13/2026 12:42:19 | INFO | Msg '/scripts/classes/race.js'
5/13/2026 12:42:19 | INFO | Msg '/scripts/classes/background.js'
5/13/2026 12:42:19 | INFO | Msg '/scripts/classes/spell.js'
5/13/2026 12:42:19 | INFO | Msg '/scripts/sheet.js'
5/13/2026 12:42:19 | INFO | Msg '/scripts/common.js'
5/13/2026 12:42:19 | INFO | Msg '/scripts/classes/character.js'
5/13/2026 12:42:19 | INFO | Msg '/character/data/nadia'
5/13/2026 12:42:19 | INFO | Msg '/data/class/warlock'
5/13/2026 12:42:19 | INFO | Msg '/data/subclass/warlock_custom'
5/13/2026 12:42:19 | INFO | Msg '/data/race/aasimar_protector'
5/13/2026 12:42:19 | INFO | Msg '/data/background/courtier'
5/13/2026 12:42:19 | INFO | Msg '/data/spell/lvl0/light'
5/13/2026 12:42:19 | INFO | Msg '/data/spell/lvl0/eldrichBlast'
5/13/2026 12:42:19 | INFO | Msg '/data/spell/lvl0/prestidigitation'
5/13/2026 12:42:19 | INFO | Msg '/data/spell/lvl1/charmPerson'
5/13/2026 12:42:19 | INFO | Msg '/data/spell/lvl1/hellishRebuke_mod'
5/13/2026 12:42:19 | INFO | Msg '/data/spell/lvl1/comprehendLanguages'
5/13/2026 12:42:19 | INFO | Msg '/data/spell/lvl1/detectMagic'
5/13/2026 12:42:19 | INFO | Msg '/data/spell/lvl2/mistyStep'
5/13/2026 12:42:19 | INFO | Msg '/data/spell/lvl2/suggestion'
5/13/2026 12:42:19 | INFO | Msg '/favicon.ico'
5/13/2026 12:44:42 | INFO | Msg '/character?id=nadia'
5/13/2026 12:44:42 | INFO | Msg '/scripts/common.js'
5/13/2026 12:44:42 | INFO | Msg '/scripts/classes/character.js'
5/13/2026 12:44:42 | INFO | Msg '/scripts/classes/background.js'
5/13/2026 12:44:42 | INFO | Msg '/scripts/classes/class.js'
5/13/2026 12:44:42 | INFO | Msg '/scripts/classes/subclass.js'
5/13/2026 12:44:42 | INFO | Msg '/style/default.css'
5/13/2026 12:44:42 | INFO | Msg '/scripts/classes/race.js'
5/13/2026 12:44:42 | INFO | Msg '/scripts/sheet.js'
5/13/2026 12:44:42 | INFO | Msg '/scripts/classes/spell.js'
5/13/2026 12:44:42 | INFO | Msg '/character/data/nadia'
5/13/2026 12:44:42 | INFO | Msg '/data/class/warlock'
5/13/2026 12:44:42 | INFO | Msg '/data/subclass/warlock_custom'
5/13/2026 12:44:42 | INFO | Msg '/data/race/aasimar_protector'
5/13/2026 12:44:42 | INFO | Msg '/data/background/courtier'
5/13/2026 12:44:42 | INFO | Msg '/data/spell/lvl0/light'
5/13/2026 12:44:42 | INFO | Msg '/data/spell/lvl0/eldrichBlast'
5/13/2026 12:44:42 | INFO | Msg '/data/spell/lvl0/prestidigitation'
5/13/2026 12:44:42 | INFO | Msg '/data/spell/lvl1/charmPerson'
5/13/2026 12:44:42 | INFO | Msg '/data/spell/lvl1/hellishRebuke_mod'
5/13/2026 12:44:42 | INFO | Msg '/data/spell/lvl1/comprehendLanguages'
5/13/2026 12:44:42 | INFO | Msg '/data/spell/lvl1/detectMagic'
5/13/2026 12:44:42 | INFO | Msg '/data/spell/lvl2/mistyStep'
5/13/2026 12:44:42 | INFO | Msg '/data/spell/lvl2/suggestion'
5/13/2026 12:45:03 | INFO | Msg '/character?id=nadia'
5/13/2026 12:45:03 | INFO | Msg '/scripts/common.js'
5/13/2026 12:45:03 | INFO | Msg '/scripts/classes/character.js'
5/13/2026 12:45:03 | INFO | Msg '/scripts/classes/subclass.js'
5/13/2026 12:45:03 | INFO | Msg '/scripts/sheet.js'
5/13/2026 12:45:03 | INFO | Msg '/style/default.css'
5/13/2026 12:45:03 | INFO | Msg '/scripts/classes/race.js'
5/13/2026 12:45:03 | INFO | Msg '/scripts/classes/class.js'
5/13/2026 12:45:03 | INFO | Msg '/scripts/classes/spell.js'
5/13/2026 12:45:03 | INFO | Msg '/scripts/classes/background.js'
5/13/2026 12:45:03 | INFO | Msg '/character/data/nadia'
5/13/2026 12:45:03 | INFO | Msg '/data/class/warlock'
5/13/2026 12:45:03 | INFO | Msg '/data/subclass/warlock_custom'
5/13/2026 12:45:03 | INFO | Msg '/data/race/aasimar_protector'
5/13/2026 12:45:03 | INFO | Msg '/data/background/courtier'
5/13/2026 12:45:03 | INFO | Msg '/data/spell/lvl0/light'
5/13/2026 12:45:03 | INFO | Msg '/data/spell/lvl0/eldrichBlast'
5/13/2026 12:45:03 | INFO | Msg '/data/spell/lvl0/prestidigitation'
5/13/2026 12:45:03 | INFO | Msg '/data/spell/lvl1/charmPerson'
5/13/2026 12:45:03 | INFO | Msg '/data/spell/lvl1/hellishRebuke_mod'
5/13/2026 12:45:03 | INFO | Msg '/data/spell/lvl1/comprehendLanguages'
5/13/2026 12:45:03 | INFO | Msg '/data/spell/lvl1/detectMagic'
5/13/2026 12:45:03 | INFO | Msg '/data/spell/lvl2/mistyStep'
5/13/2026 12:45:03 | INFO | Msg '/data/spell/lvl2/suggestion'
5/13/2026 12:46:21 | INFO | Msg '/character?id=nadia'
5/13/2026 12:46:21 | INFO | Msg '/style/default.css'
5/13/2026 12:46:21 | INFO | Msg '/scripts/common.js'
5/13/2026 12:46:21 | INFO | Msg '/scripts/classes/subclass.js'
5/13/2026 12:46:21 | INFO | Msg '/scripts/classes/race.js'
5/13/2026 12:46:21 | INFO | Msg '/scripts/classes/background.js'
5/13/2026 12:46:21 | INFO | Msg '/scripts/classes/spell.js'
5/13/2026 12:46:21 | INFO | Msg '/scripts/sheet.js'
5/13/2026 12:46:21 | INFO | Msg '/scripts/classes/character.js'
5/13/2026 12:46:21 | INFO | Msg '/scripts/classes/class.js'
5/13/2026 12:46:31 | INFO | Msg '/character?id=nadia'
5/13/2026 12:46:31 | INFO | Msg '/style/default.css'
5/13/2026 12:46:31 | INFO | Msg '/scripts/common.js'
5/13/2026 12:46:31 | INFO | Msg '/scripts/classes/character.js'
5/13/2026 12:46:31 | INFO | Msg '/scripts/classes/class.js'
5/13/2026 12:46:31 | INFO | Msg '/scripts/classes/background.js'
5/13/2026 12:46:31 | INFO | Msg '/scripts/sheet.js'
5/13/2026 12:46:31 | INFO | Msg '/scripts/classes/spell.js'
5/13/2026 12:46:31 | INFO | Msg '/scripts/classes/subclass.js'
5/13/2026 12:46:31 | INFO | Msg '/scripts/classes/race.js'
5/13/2026 12:46:31 | INFO | Msg '/character/data/nadia'
5/13/2026 12:46:31 | INFO | Msg '/data/class/warlock'
5/13/2026 12:46:31 | INFO | Msg '/data/spell/lvl0/prestidigitation'
5/13/2026 12:46:31 | INFO | Msg '/data/subclass/warlock_custom'
5/13/2026 12:46:31 | INFO | Msg '/data/race/aasimar_protector'
5/13/2026 12:46:31 | INFO | Msg '/data/background/courtier'
5/13/2026 12:46:31 | INFO | Msg '/data/spell/lvl0/light'
5/13/2026 12:46:31 | INFO | Msg '/data/spell/lvl0/eldrichBlast'
5/13/2026 12:46:31 | INFO | Msg '/data/spell/lvl1/detectMagic'
5/13/2026 12:46:31 | INFO | Msg '/data/spell/lvl2/suggestion'
5/13/2026 12:46:31 | INFO | Msg '/data/spell/lvl1/charmPerson'
5/13/2026 12:46:31 | INFO | Msg '/data/spell/lvl1/hellishRebuke_mod'
5/13/2026 12:46:31 | INFO | Msg '/data/spell/lvl1/comprehendLanguages'
5/13/2026 12:46:31 | INFO | Msg '/data/spell/lvl2/mistyStep'
5/13/2026 12:46:31 | INFO | Msg '/favicon.ico'
5/13/2026 12:47:05 | INFO | Msg '/character?id=nadia'
5/13/2026 12:47:05 | INFO | Msg '/style/default.css'
5/13/2026 12:47:05 | INFO | Msg '/scripts/common.js'
5/13/2026 12:47:05 | INFO | Msg '/scripts/classes/subclass.js'
5/13/2026 12:47:05 | INFO | Msg '/scripts/classes/character.js'
5/13/2026 12:47:05 | INFO | Msg '/scripts/classes/class.js'
5/13/2026 12:47:05 | INFO | Msg '/scripts/classes/race.js'
5/13/2026 12:47:05 | INFO | Msg '/scripts/sheet.js'
5/13/2026 12:47:05 | INFO | Msg '/scripts/classes/spell.js'
5/13/2026 12:47:05 | INFO | Msg '/scripts/classes/background.js'
5/13/2026 12:47:05 | INFO | Msg '/character/data/nadia'
5/13/2026 12:47:05 | INFO | Msg '/data/class/warlock'
5/13/2026 12:47:05 | INFO | Msg '/data/spell/lvl0/prestidigitation'
5/13/2026 12:47:05 | INFO | Msg '/data/subclass/warlock_custom'
5/13/2026 12:47:05 | INFO | Msg '/data/race/aasimar_protector'
5/13/2026 12:47:05 | INFO | Msg '/data/background/courtier'
5/13/2026 12:47:05 | INFO | Msg '/data/spell/lvl0/light'
5/13/2026 12:47:05 | INFO | Msg '/data/spell/lvl0/eldrichBlast'
5/13/2026 12:47:05 | INFO | Msg '/data/spell/lvl1/charmPerson'
5/13/2026 12:47:05 | INFO | Msg '/data/spell/lvl1/hellishRebuke_mod'
5/13/2026 12:47:05 | INFO | Msg '/data/spell/lvl1/comprehendLanguages'
5/13/2026 12:47:05 | INFO | Msg '/data/spell/lvl1/detectMagic'
5/13/2026 12:47:05 | INFO | Msg '/data/spell/lvl2/mistyStep'
5/13/2026 12:47:05 | INFO | Msg '/data/spell/lvl2/suggestion'
5/13/2026 12:47:05 | INFO | Msg '/favicon.ico'
5/13/2026 12:47:47 | INFO | Msg '/character?id=nadia'
5/13/2026 12:47:47 | INFO | Msg '/style/default.css'
5/13/2026 12:47:47 | INFO | Msg '/scripts/common.js'
5/13/2026 12:47:47 | INFO | Msg '/scripts/classes/character.js'
5/13/2026 12:47:47 | INFO | Msg '/scripts/classes/class.js'
5/13/2026 12:47:47 | INFO | Msg '/scripts/classes/background.js'
5/13/2026 12:47:47 | INFO | Msg '/scripts/classes/spell.js'
5/13/2026 12:47:47 | INFO | Msg '/scripts/sheet.js'
5/13/2026 12:47:47 | INFO | Msg '/scripts/classes/subclass.js'
5/13/2026 12:47:47 | INFO | Msg '/scripts/classes/race.js'
5/13/2026 12:47:47 | INFO | Msg '/character/data/nadia'
5/13/2026 12:47:47 | INFO | Msg '/data/class/warlock'
5/13/2026 12:47:47 | INFO | Msg '/data/subclass/warlock_custom'
5/13/2026 12:47:47 | INFO | Msg '/data/race/aasimar_protector'
5/13/2026 12:47:47 | INFO | Msg '/data/background/courtier'
5/13/2026 12:47:47 | INFO | Msg '/data/spell/lvl0/light'
5/13/2026 12:47:47 | INFO | Msg '/data/spell/lvl0/eldrichBlast'
5/13/2026 12:47:47 | INFO | Msg '/data/spell/lvl1/charmPerson'
5/13/2026 12:47:47 | INFO | Msg '/data/spell/lvl0/prestidigitation'
5/13/2026 12:47:47 | INFO | Msg '/data/spell/lvl1/hellishRebuke_mod'
5/13/2026 12:47:47 | INFO | Msg '/data/spell/lvl1/comprehendLanguages'
5/13/2026 12:47:47 | INFO | Msg '/data/spell/lvl1/detectMagic'
5/13/2026 12:47:47 | INFO | Msg '/data/spell/lvl2/mistyStep'
5/13/2026 12:47:47 | INFO | Msg '/data/spell/lvl2/suggestion'
5/13/2026 12:47:47 | INFO | Msg '/favicon.ico'
5/13/2026 12:47:55 | INFO | Msg '/character?id=nadia'
5/13/2026 12:47:55 | INFO | Msg '/style/default.css'
5/13/2026 12:47:55 | INFO | Msg '/scripts/classes/class.js'
5/13/2026 12:47:55 | INFO | Msg '/scripts/classes/subclass.js'
5/13/2026 12:47:55 | INFO | Msg '/scripts/classes/race.js'
5/13/2026 12:47:55 | INFO | Msg '/scripts/classes/background.js'
5/13/2026 12:47:55 | INFO | Msg '/scripts/classes/spell.js'
5/13/2026 12:47:55 | INFO | Msg '/scripts/sheet.js'
5/13/2026 12:47:55 | INFO | Msg '/scripts/common.js'
5/13/2026 12:47:55 | INFO | Msg '/scripts/classes/character.js'
5/13/2026 12:47:55 | INFO | Msg '/character/data/nadia'
5/13/2026 12:47:55 | INFO | Msg '/data/class/warlock'
5/13/2026 12:47:55 | INFO | Msg '/data/spell/lvl0/prestidigitation'
5/13/2026 12:47:55 | INFO | Msg '/data/subclass/warlock_custom'
5/13/2026 12:47:55 | INFO | Msg '/data/race/aasimar_protector'
5/13/2026 12:47:55 | INFO | Msg '/data/background/courtier'
5/13/2026 12:47:55 | INFO | Msg '/data/spell/lvl0/light'
5/13/2026 12:47:55 | INFO | Msg '/data/spell/lvl0/eldrichBlast'
5/13/2026 12:47:55 | INFO | Msg '/data/spell/lvl1/hellishRebuke_mod'
5/13/2026 12:47:55 | INFO | Msg '/data/spell/lvl1/charmPerson'
5/13/2026 12:47:55 | INFO | Msg '/data/spell/lvl1/comprehendLanguages'
5/13/2026 12:47:55 | INFO | Msg '/data/spell/lvl1/detectMagic'
5/13/2026 12:47:55 | INFO | Msg '/data/spell/lvl2/mistyStep'
5/13/2026 12:47:55 | INFO | Msg '/data/spell/lvl2/suggestion'
5/13/2026 12:47:55 | INFO | Msg '/favicon.ico'
5/13/2026 12:48:30 | INFO | Msg '/character?id=nadia'
5/13/2026 12:48:30 | INFO | Msg '/style/default.css'
5/13/2026 12:48:30 | INFO | Msg '/scripts/common.js'
5/13/2026 12:48:30 | INFO | Msg '/scripts/classes/spell.js'
5/13/2026 12:48:30 | INFO | Msg '/scripts/classes/background.js'
5/13/2026 12:48:30 | INFO | Msg '/scripts/classes/race.js'
5/13/2026 12:48:30 | INFO | Msg '/scripts/classes/subclass.js'
5/13/2026 12:48:30 | INFO | Msg '/scripts/sheet.js'
5/13/2026 12:48:30 | INFO | Msg '/scripts/classes/character.js'
5/13/2026 12:48:30 | INFO | Msg '/scripts/classes/class.js'
5/13/2026 12:48:30 | INFO | Msg '/character/data/nadia'
5/13/2026 12:48:30 | INFO | Msg '/data/class/warlock'
5/13/2026 12:48:30 | INFO | Msg '/data/subclass/warlock_custom'
5/13/2026 12:48:30 | INFO | Msg '/data/race/aasimar_protector'
5/13/2026 12:48:30 | INFO | Msg '/data/background/courtier'
5/13/2026 12:48:30 | INFO | Msg '/data/spell/lvl0/light'
5/13/2026 12:48:30 | INFO | Msg '/data/spell/lvl0/eldrichBlast'
5/13/2026 12:48:30 | INFO | Msg '/data/spell/lvl2/mistyStep'
5/13/2026 12:48:30 | INFO | Msg '/data/spell/lvl0/prestidigitation'
5/13/2026 12:48:30 | INFO | Msg '/data/spell/lvl1/charmPerson'
5/13/2026 12:48:30 | INFO | Msg '/data/spell/lvl1/hellishRebuke_mod'
5/13/2026 12:48:30 | INFO | Msg '/data/spell/lvl1/comprehendLanguages'
5/13/2026 12:48:30 | INFO | Msg '/data/spell/lvl1/detectMagic'
5/13/2026 12:48:30 | INFO | Msg '/data/spell/lvl2/suggestion'
5/13/2026 12:48:30 | INFO | Msg '/favicon.ico'
5/13/2026 12:48:47 | INFO | Msg '/character?id=nadia'
5/13/2026 12:48:47 | INFO | Msg '/style/default.css'
5/13/2026 12:48:47 | INFO | Msg '/scripts/common.js'
5/13/2026 12:48:47 | INFO | Msg '/scripts/classes/character.js'
5/13/2026 12:48:47 | INFO | Msg '/scripts/classes/class.js'
5/13/2026 12:48:47 | INFO | Msg '/scripts/classes/subclass.js'
5/13/2026 12:48:47 | INFO | Msg '/scripts/classes/race.js'
5/13/2026 12:48:47 | INFO | Msg '/scripts/classes/spell.js'
5/13/2026 12:48:47 | INFO | Msg '/scripts/classes/background.js'
5/13/2026 12:48:47 | INFO | Msg '/scripts/sheet.js'
5/13/2026 12:48:47 | INFO | Msg '/character/data/nadia'
5/13/2026 12:48:47 | INFO | Msg '/favicon.ico'
5/13/2026 12:48:47 | INFO | Msg '/data/class/warlock'
5/13/2026 12:48:47 | INFO | Msg '/data/subclass/warlock_custom'
5/13/2026 12:48:47 | INFO | Msg '/data/race/aasimar_protector'
5/13/2026 12:48:47 | INFO | Msg '/data/background/courtier'
5/13/2026 12:48:47 | INFO | Msg '/data/spell/lvl0/light'
5/13/2026 12:48:47 | INFO | Msg '/data/spell/lvl0/eldrichBlast'
5/13/2026 12:48:47 | INFO | Msg '/data/spell/lvl0/prestidigitation'
5/13/2026 12:48:47 | INFO | Msg '/data/spell/lvl1/charmPerson'
5/13/2026 12:48:47 | INFO | Msg '/data/spell/lvl1/hellishRebuke_mod'
5/13/2026 12:48:47 | INFO | Msg '/data/spell/lvl1/comprehendLanguages'
5/13/2026 12:48:47 | INFO | Msg '/data/spell/lvl1/detectMagic'
5/13/2026 12:48:47 | INFO | Msg '/data/spell/lvl2/mistyStep'
5/13/2026 12:48:47 | INFO | Msg '/data/spell/lvl2/suggestion'
5/13/2026 12:52:23 | INFO | Msg '/character?id=nadia'
5/13/2026 12:52:23 | INFO | Msg '/scripts/common.js'
5/13/2026 12:52:23 | INFO | Msg '/scripts/classes/character.js'
5/13/2026 12:52:23 | INFO | Msg '/scripts/classes/subclass.js'
5/13/2026 12:52:23 | INFO | Msg '/scripts/classes/class.js'
5/13/2026 12:52:23 | INFO | Msg '/scripts/classes/background.js'
5/13/2026 12:52:23 | INFO | Msg '/style/default.css'
5/13/2026 12:52:23 | INFO | Msg '/scripts/classes/race.js'
5/13/2026 12:52:23 | INFO | Msg '/scripts/classes/spell.js'
5/13/2026 12:52:23 | INFO | Msg '/scripts/sheet.js'
5/13/2026 12:52:23 | INFO | Msg '/character/data/nadia'
5/13/2026 12:52:23 | INFO | Msg '/data/class/warlock'
5/13/2026 12:52:23 | INFO | Msg '/data/subclass/warlock_custom'
5/13/2026 12:52:23 | INFO | Msg '/data/race/aasimar_protector'
5/13/2026 12:52:23 | INFO | Msg '/data/background/courtier'
5/13/2026 12:52:23 | INFO | Msg '/data/spell/lvl0/light'
5/13/2026 12:52:23 | INFO | Msg '/data/spell/lvl0/eldrichBlast'
5/13/2026 12:52:23 | INFO | Msg '/data/spell/lvl1/hellishRebuke_mod'
5/13/2026 12:52:23 | INFO | Msg '/data/spell/lvl1/comprehendLanguages'
5/13/2026 12:52:23 | INFO | Msg '/data/spell/lvl0/prestidigitation'
5/13/2026 12:52:23 | INFO | Msg '/data/spell/lvl1/charmPerson'
5/13/2026 12:52:23 | INFO | Msg '/data/spell/lvl1/detectMagic'
5/13/2026 12:52:23 | INFO | Msg '/data/spell/lvl2/mistyStep'
5/13/2026 12:52:23 | INFO | Msg '/data/spell/lvl2/suggestion'
5/13/2026 12:52:32 | INFO | Msg '/character?id=nadia'
5/13/2026 12:52:32 | INFO | Msg '/style/default.css'
5/13/2026 12:52:32 | INFO | Msg '/scripts/common.js'
5/13/2026 12:52:32 | INFO | Msg '/scripts/classes/background.js'
5/13/2026 12:52:32 | INFO | Msg '/scripts/classes/class.js'
5/13/2026 12:52:32 | INFO | Msg '/scripts/classes/spell.js'
5/13/2026 12:52:32 | INFO | Msg '/scripts/sheet.js'
5/13/2026 12:52:32 | INFO | Msg '/scripts/classes/character.js'
5/13/2026 12:52:32 | INFO | Msg '/scripts/classes/race.js'
5/13/2026 12:52:32 | INFO | Msg '/scripts/classes/subclass.js'
5/13/2026 12:52:32 | INFO | Msg '/character/data/nadia'
5/13/2026 12:52:32 | INFO | Msg '/data/class/warlock'
5/13/2026 12:52:32 | INFO | Msg '/data/spell/lvl0/prestidigitation'
5/13/2026 12:52:32 | INFO | Msg '/data/subclass/warlock_custom'
5/13/2026 12:52:32 | INFO | Msg '/data/race/aasimar_protector'
5/13/2026 12:52:32 | INFO | Msg '/data/background/courtier'
5/13/2026 12:52:32 | INFO | Msg '/data/spell/lvl0/light'
5/13/2026 12:52:32 | INFO | Msg '/data/spell/lvl0/eldrichBlast'
5/13/2026 12:52:32 | INFO | Msg '/data/spell/lvl1/comprehendLanguages'
5/13/2026 12:52:32 | INFO | Msg '/data/spell/lvl1/detectMagic'
5/13/2026 12:52:32 | INFO | Msg '/data/spell/lvl2/suggestion'
5/13/2026 12:52:32 | INFO | Msg '/data/spell/lvl1/charmPerson'
5/13/2026 12:52:32 | INFO | Msg '/data/spell/lvl1/hellishRebuke_mod'
5/13/2026 12:52:32 | INFO | Msg '/data/spell/lvl2/mistyStep'
5/13/2026 12:52:36 | INFO | Msg '/character?id=nadia'
5/13/2026 12:52:36 | INFO | Msg '/style/default.css'
5/13/2026 12:52:36 | INFO | Msg '/scripts/common.js'
5/13/2026 12:52:36 | INFO | Msg '/scripts/classes/character.js'
5/13/2026 12:52:36 | INFO | Msg '/scripts/classes/class.js'
5/13/2026 12:52:36 | INFO | Msg '/scripts/classes/subclass.js'
5/13/2026 12:52:36 | INFO | Msg '/scripts/classes/race.js'
5/13/2026 12:52:36 | INFO | Msg '/scripts/classes/background.js'
5/13/2026 12:52:36 | INFO | Msg '/scripts/classes/spell.js'
5/13/2026 12:52:36 | INFO | Msg '/scripts/sheet.js'
5/13/2026 12:52:36 | INFO | Msg '/character/data/nadia'
5/13/2026 12:52:36 | INFO | Msg '/data/class/warlock'
5/13/2026 12:52:36 | INFO | Msg '/data/spell/lvl0/prestidigitation'
5/13/2026 12:52:36 | INFO | Msg '/data/subclass/warlock_custom'
5/13/2026 12:52:36 | INFO | Msg '/data/race/aasimar_protector'
5/13/2026 12:52:36 | INFO | Msg '/data/background/courtier'
5/13/2026 12:52:36 | INFO | Msg '/data/spell/lvl0/light'
5/13/2026 12:52:36 | INFO | Msg '/data/spell/lvl0/eldrichBlast'
5/13/2026 12:52:36 | INFO | Msg '/data/spell/lvl1/charmPerson'
5/13/2026 12:52:36 | INFO | Msg '/data/spell/lvl1/hellishRebuke_mod'
5/13/2026 12:52:36 | INFO | Msg '/data/spell/lvl1/comprehendLanguages'
5/13/2026 12:52:36 | INFO | Msg '/data/spell/lvl1/detectMagic'
5/13/2026 12:52:36 | INFO | Msg '/data/spell/lvl2/mistyStep'
5/13/2026 12:52:36 | INFO | Msg '/data/spell/lvl2/suggestion'
5/13/2026 12:52:43 | INFO | Msg '/character?id=nadia'
5/13/2026 12:52:43 | INFO | Msg '/style/default.css'
5/13/2026 12:52:43 | INFO | Msg '/scripts/classes/character.js'
5/13/2026 12:52:43 | INFO | Msg '/scripts/common.js'
5/13/2026 12:52:43 | INFO | Msg '/scripts/sheet.js'
5/13/2026 12:52:43 | INFO | Msg '/scripts/classes/class.js'
5/13/2026 12:52:43 | INFO | Msg '/scripts/classes/race.js'
5/13/2026 12:52:43 | INFO | Msg '/scripts/classes/background.js'
5/13/2026 12:52:43 | INFO | Msg '/scripts/classes/spell.js'
5/13/2026 12:52:43 | INFO | Msg '/scripts/classes/subclass.js'
5/13/2026 12:52:43 | INFO | Msg '/character/data/nadia'
5/13/2026 12:52:43 | INFO | Msg '/data/class/warlock'
5/13/2026 12:52:43 | INFO | Msg '/data/subclass/warlock_custom'
5/13/2026 12:52:43 | INFO | Msg '/data/spell/lvl1/charmPerson'
5/13/2026 12:52:43 | INFO | Msg '/data/spell/lvl1/hellishRebuke_mod'
5/13/2026 12:52:43 | INFO | Msg '/data/race/aasimar_protector'
5/13/2026 12:52:43 | INFO | Msg '/data/background/courtier'
5/13/2026 12:52:43 | INFO | Msg '/data/spell/lvl0/light'
5/13/2026 12:52:43 | INFO | Msg '/data/spell/lvl0/eldrichBlast'
5/13/2026 12:52:43 | INFO | Msg '/data/spell/lvl0/prestidigitation'
5/13/2026 12:52:43 | INFO | Msg '/data/spell/lvl1/comprehendLanguages'
5/13/2026 12:52:43 | INFO | Msg '/data/spell/lvl1/detectMagic'
5/13/2026 12:52:43 | INFO | Msg '/data/spell/lvl2/mistyStep'
5/13/2026 12:52:43 | INFO | Msg '/data/spell/lvl2/suggestion'
5/13/2026 12:55:13 | INFO | Msg '/character?id=nadia'
5/13/2026 12:55:13 | INFO | Msg '/scripts/common.js'
5/13/2026 12:55:13 | INFO | Msg '/scripts/classes/character.js'
5/13/2026 12:55:13 | INFO | Msg '/scripts/classes/subclass.js'
5/13/2026 12:55:13 | INFO | Msg '/scripts/classes/class.js'
5/13/2026 12:55:13 | INFO | Msg '/scripts/classes/race.js'
5/13/2026 12:55:13 | INFO | Msg '/style/default.css'
5/13/2026 12:55:13 | INFO | Msg '/scripts/sheet.js'
5/13/2026 12:55:13 | INFO | Msg '/scripts/classes/background.js'
5/13/2026 12:55:13 | INFO | Msg '/scripts/classes/spell.js'
5/13/2026 12:55:13 | INFO | Msg '/character/data/nadia'
5/13/2026 12:55:13 | INFO | Msg '/data/class/warlock'
5/13/2026 12:55:13 | INFO | Msg '/data/spell/lvl0/prestidigitation'
5/13/2026 12:55:13 | INFO | Msg '/data/subclass/warlock_custom'
5/13/2026 12:55:13 | INFO | Msg '/data/race/aasimar_protector'
5/13/2026 12:55:13 | INFO | Msg '/data/background/courtier'
5/13/2026 12:55:13 | INFO | Msg '/data/spell/lvl0/light'
5/13/2026 12:55:13 | INFO | Msg '/data/spell/lvl0/eldrichBlast'
5/13/2026 12:55:13 | INFO | Msg '/data/spell/lvl1/comprehendLanguages'
5/13/2026 12:55:13 | INFO | Msg '/data/spell/lvl1/charmPerson'
5/13/2026 12:55:13 | INFO | Msg '/data/spell/lvl1/hellishRebuke_mod'
5/13/2026 12:55:13 | INFO | Msg '/data/spell/lvl1/detectMagic'
5/13/2026 12:55:13 | INFO | Msg '/data/spell/lvl2/mistyStep'
5/13/2026 12:55:13 | INFO | Msg '/data/spell/lvl2/suggestion'
5/13/2026 12:56:32 | INFO | Msg '/character?id=nadia'
5/13/2026 12:56:32 | INFO | Msg '/scripts/common.js'
5/13/2026 12:56:32 | INFO | Msg '/scripts/classes/character.js'
5/13/2026 12:56:32 | INFO | Msg '/scripts/classes/spell.js'
5/13/2026 12:56:32 | INFO | Msg '/scripts/classes/background.js'
5/13/2026 12:56:32 | INFO | Msg '/scripts/classes/race.js'
5/13/2026 12:56:32 | INFO | Msg '/scripts/sheet.js'
5/13/2026 12:56:32 | INFO | Msg '/style/default.css'
5/13/2026 12:56:32 | INFO | Msg '/scripts/classes/class.js'
5/13/2026 12:56:32 | INFO | Msg '/scripts/classes/subclass.js'
5/13/2026 12:56:32 | INFO | Msg '/character/data/nadia'
5/13/2026 12:56:32 | INFO | Msg '/data/class/warlock'
5/13/2026 12:56:32 | INFO | Msg '/data/subclass/warlock_custom'
5/13/2026 12:56:32 | INFO | Msg '/data/race/aasimar_protector'
5/13/2026 12:56:32 | INFO | Msg '/data/background/courtier'
5/13/2026 12:56:32 | INFO | Msg '/data/spell/lvl0/light'
5/13/2026 12:56:32 | INFO | Msg '/data/spell/lvl0/eldrichBlast'
5/13/2026 12:56:32 | INFO | Msg '/data/spell/lvl0/prestidigitation'
5/13/2026 12:56:32 | INFO | Msg '/data/spell/lvl1/charmPerson'
5/13/2026 12:56:32 | INFO | Msg '/data/spell/lvl1/hellishRebuke_mod'
5/13/2026 12:56:32 | INFO | Msg '/data/spell/lvl1/comprehendLanguages'
5/13/2026 12:56:32 | INFO | Msg '/data/spell/lvl1/detectMagic'
5/13/2026 12:56:32 | INFO | Msg '/data/spell/lvl2/mistyStep'
5/13/2026 12:56:32 | INFO | Msg '/data/spell/lvl2/suggestion'
5/13/2026 12:57:00 | INFO | Msg '/character?id=nadia'
5/13/2026 12:57:00 | INFO | Msg '/scripts/common.js'
5/13/2026 12:57:00 | INFO | Msg '/scripts/classes/character.js'
5/13/2026 12:57:00 | INFO | Msg '/scripts/classes/class.js'
5/13/2026 12:57:00 | INFO | Msg '/scripts/classes/race.js'
5/13/2026 12:57:00 | INFO | Msg '/style/default.css'
5/13/2026 12:57:00 | INFO | Msg '/scripts/classes/subclass.js'
5/13/2026 12:57:00 | INFO | Msg '/scripts/classes/background.js'
5/13/2026 12:57:00 | INFO | Msg '/scripts/classes/spell.js'
5/13/2026 12:57:00 | INFO | Msg '/scripts/sheet.js'
5/13/2026 12:57:00 | INFO | Msg '/character/data/nadia'
5/13/2026 12:57:00 | INFO | Msg '/data/class/warlock'
5/13/2026 12:57:00 | INFO | Msg '/data/spell/lvl0/prestidigitation'
5/13/2026 12:57:00 | INFO | Msg '/data/subclass/warlock_custom'
5/13/2026 12:57:00 | INFO | Msg '/data/race/aasimar_protector'
5/13/2026 12:57:00 | INFO | Msg '/data/background/courtier'
5/13/2026 12:57:00 | INFO | Msg '/data/spell/lvl0/light'
5/13/2026 12:57:00 | INFO | Msg '/data/spell/lvl1/detectMagic'
5/13/2026 12:57:00 | INFO | Msg '/data/spell/lvl0/eldrichBlast'
5/13/2026 12:57:00 | INFO | Msg '/data/spell/lvl1/charmPerson'
5/13/2026 12:57:00 | INFO | Msg '/data/spell/lvl1/hellishRebuke_mod'
5/13/2026 12:57:00 | INFO | Msg '/data/spell/lvl1/comprehendLanguages'
5/13/2026 12:57:00 | INFO | Msg '/data/spell/lvl2/mistyStep'
5/13/2026 12:57:00 | INFO | Msg '/data/spell/lvl2/suggestion'
